<?xml version="1.0" encoding="UTF-8"?>
<testsuite xmlns:xsi="http://www.w3.org/2001/XMLSchema-instance" xsi:noNamespaceSchemaLocation="https://maven.apache.org/surefire/maven-surefire-plugin/xsd/surefire-test-report.xsd" name="ModelTest" time="0.096" tests="10" errors="0" skipped="0" failures="0">
  <properties>
[...]
</properties>
  <testcase name="paramTestElementOfList{int}[1]" classname="ModelTest" time="0.031"/>
  <testcase name="paramTestElementOfList{int}[2]" classname="ModelTest" time="0.001"/>
  <testcase name="paramTestElementOfList{int}[3]" classname="ModelTest" time="0.001"/>
  <testcase name="testDeleteListElem" classname="ModelTest" time="0.002"/>
  <testcase name="testAddListElem" classname="ModelTest" time="0.001"/>
  <testcase name="testFindElem" classname="ModelTest" time="0.001"/>
  <testcase name="testFindElemAndCalculate" classname="ModelTest" time="0.003"/>
  <testcase name="testElementOfList{int}[1]" classname="ModelTest" time="0"/>
  <testcase name="testElementOfList{int}[2]" classname="ModelTest" time="0.001"/>
  <testcase name="testGetListOfUnit" classname="ModelTest" time="0.002"/>
</testsuite>